{"/Users/cabaag/Documents/www/node-projects/task-tracker/src/storage.ts": {"path":"/Users/cabaag/Documents/www/node-projects/task-tracker/src/storage.ts","all":false,"statementMap":{"0":{"start":{"line":1,"column":0},"end":{"line":1,"column":55}},"1":{"start":{"line":2,"column":0},"end":{"line":2,"column":0}},"2":{"start":{"line":3,"column":0},"end":{"line":3,"column":24}},"3":{"start":{"line":4,"column":0},"end":{"line":4,"column":16}},"4":{"start":{"line":5,"column":0},"end":{"line":5,"column":30}},"5":{"start":{"line":6,"column":0},"end":{"line":6,"column":15}},"6":{"start":{"line":7,"column":0},"end":{"line":7,"column":1}},"7":{"start":{"line":8,"column":0},"end":{"line":8,"column":0}},"8":{"start":{"line":9,"column":0},"end":{"line":9,"column":13}},"9":{"start":{"line":10,"column":0},"end":{"line":10,"column":13}},"10":{"start":{"line":11,"column":0},"end":{"line":11,"column":22}},"11":{"start":{"line":12,"column":0},"end":{"line":12,"column":20}},"12":{"start":{"line":13,"column":0},"end":{"line":13,"column":18}},"13":{"start":{"line":14,"column":0},"end":{"line":14,"column":17}},"14":{"start":{"line":15,"column":0},"end":{"line":15,"column":1}},"15":{"start":{"line":16,"column":0},"end":{"line":16,"column":0}},"16":{"start":{"line":17,"column":0},"end":{"line":17,"column":26}},"17":{"start":{"line":18,"column":0},"end":{"line":18,"column":21}},"18":{"start":{"line":19,"column":0},"end":{"line":19,"column":17}},"19":{"start":{"line":20,"column":0},"end":{"line":20,"column":80}},"20":{"start":{"line":21,"column":0},"end":{"line":21,"column":43}},"21":{"start":{"line":22,"column":0},"end":{"line":22,"column":0}},"22":{"start":{"line":23,"column":0},"end":{"line":23,"column":17}},"23":{"start":{"line":24,"column":0},"end":{"line":24,"column":3}},"24":{"start":{"line":25,"column":0},"end":{"line":25,"column":0}},"25":{"start":{"line":26,"column":0},"end":{"line":26,"column":22}},"26":{"start":{"line":27,"column":0},"end":{"line":27,"column":43}},"27":{"start":{"line":28,"column":0},"end":{"line":28,"column":23}},"28":{"start":{"line":29,"column":0},"end":{"line":29,"column":27}},"29":{"start":{"line":30,"column":0},"end":{"line":30,"column":39}},"30":{"start":{"line":31,"column":0},"end":{"line":31,"column":46}},"31":{"start":{"line":32,"column":0},"end":{"line":32,"column":54}},"32":{"start":{"line":33,"column":0},"end":{"line":33,"column":16}},"33":{"start":{"line":34,"column":0},"end":{"line":34,"column":26}},"34":{"start":{"line":35,"column":0},"end":{"line":35,"column":9}},"35":{"start":{"line":36,"column":0},"end":{"line":36,"column":27}},"36":{"start":{"line":37,"column":0},"end":{"line":37,"column":23}},"37":{"start":{"line":38,"column":0},"end":{"line":38,"column":8}},"38":{"start":{"line":39,"column":0},"end":{"line":39,"column":3}},"39":{"start":{"line":40,"column":0},"end":{"line":40,"column":0}},"40":{"start":{"line":41,"column":0},"end":{"line":41,"column":23}},"41":{"start":{"line":42,"column":0},"end":{"line":42,"column":63}},"42":{"start":{"line":43,"column":0},"end":{"line":43,"column":19}},"43":{"start":{"line":44,"column":0},"end":{"line":44,"column":33}},"44":{"start":{"line":45,"column":0},"end":{"line":45,"column":8}},"45":{"start":{"line":46,"column":0},"end":{"line":46,"column":3}},"46":{"start":{"line":47,"column":0},"end":{"line":47,"column":0}},"47":{"start":{"line":48,"column":0},"end":{"line":48,"column":38}},"48":{"start":{"line":49,"column":0},"end":{"line":49,"column":21}},"49":{"start":{"line":50,"column":0},"end":{"line":50,"column":20}},"50":{"start":{"line":51,"column":0},"end":{"line":51,"column":18}},"51":{"start":{"line":52,"column":0},"end":{"line":52,"column":30}},"52":{"start":{"line":53,"column":0},"end":{"line":53,"column":28}},"53":{"start":{"line":54,"column":0},"end":{"line":54,"column":27}},"54":{"start":{"line":55,"column":0},"end":{"line":55,"column":6}},"55":{"start":{"line":56,"column":0},"end":{"line":56,"column":0}},"56":{"start":{"line":57,"column":0},"end":{"line":57,"column":28}},"57":{"start":{"line":58,"column":0},"end":{"line":58,"column":3}},"58":{"start":{"line":59,"column":0},"end":{"line":59,"column":0}},"59":{"start":{"line":60,"column":0},"end":{"line":60,"column":32}},"60":{"start":{"line":61,"column":0},"end":{"line":61,"column":67}},"61":{"start":{"line":62,"column":0},"end":{"line":62,"column":25}},"62":{"start":{"line":63,"column":0},"end":{"line":63,"column":38}},"63":{"start":{"line":64,"column":0},"end":{"line":64,"column":31}},"64":{"start":{"line":65,"column":0},"end":{"line":65,"column":12}},"65":{"start":{"line":66,"column":0},"end":{"line":66,"column":35}},"66":{"start":{"line":67,"column":0},"end":{"line":67,"column":5}},"67":{"start":{"line":68,"column":0},"end":{"line":68,"column":3}},"68":{"start":{"line":69,"column":0},"end":{"line":69,"column":0}},"69":{"start":{"line":70,"column":0},"end":{"line":70,"column":53}},"70":{"start":{"line":71,"column":0},"end":{"line":71,"column":67}},"71":{"start":{"line":72,"column":0},"end":{"line":72,"column":25}},"72":{"start":{"line":73,"column":0},"end":{"line":73,"column":54}},"73":{"start":{"line":74,"column":0},"end":{"line":74,"column":51}},"74":{"start":{"line":75,"column":0},"end":{"line":75,"column":31}},"75":{"start":{"line":76,"column":0},"end":{"line":76,"column":12}},"76":{"start":{"line":77,"column":0},"end":{"line":77,"column":35}},"77":{"start":{"line":78,"column":0},"end":{"line":78,"column":5}},"78":{"start":{"line":79,"column":0},"end":{"line":79,"column":3}},"79":{"start":{"line":80,"column":0},"end":{"line":80,"column":0}},"80":{"start":{"line":81,"column":0},"end":{"line":81,"column":54}},"81":{"start":{"line":82,"column":0},"end":{"line":82,"column":67}},"82":{"start":{"line":83,"column":0},"end":{"line":83,"column":25}},"83":{"start":{"line":84,"column":0},"end":{"line":84,"column":44}},"84":{"start":{"line":85,"column":0},"end":{"line":85,"column":51}},"85":{"start":{"line":86,"column":0},"end":{"line":86,"column":31}},"86":{"start":{"line":87,"column":0},"end":{"line":87,"column":12}},"87":{"start":{"line":88,"column":0},"end":{"line":88,"column":35}},"88":{"start":{"line":89,"column":0},"end":{"line":89,"column":5}},"89":{"start":{"line":90,"column":0},"end":{"line":90,"column":3}},"90":{"start":{"line":91,"column":0},"end":{"line":91,"column":0}},"91":{"start":{"line":92,"column":0},"end":{"line":92,"column":39}},"92":{"start":{"line":93,"column":0},"end":{"line":93,"column":21}},"93":{"start":{"line":94,"column":0},"end":{"line":94,"column":27}},"94":{"start":{"line":95,"column":0},"end":{"line":95,"column":18}},"95":{"start":{"line":96,"column":0},"end":{"line":96,"column":58}},"96":{"start":{"line":97,"column":0},"end":{"line":97,"column":45}},"97":{"start":{"line":98,"column":0},"end":{"line":98,"column":14}},"98":{"start":{"line":99,"column":0},"end":{"line":99,"column":34}},"99":{"start":{"line":100,"column":0},"end":{"line":100,"column":18}},"100":{"start":{"line":101,"column":0},"end":{"line":101,"column":65}},"101":{"start":{"line":102,"column":0},"end":{"line":102,"column":45}},"102":{"start":{"line":103,"column":0},"end":{"line":103,"column":14}},"103":{"start":{"line":104,"column":0},"end":{"line":104,"column":27}},"104":{"start":{"line":105,"column":0},"end":{"line":105,"column":18}},"105":{"start":{"line":106,"column":0},"end":{"line":106,"column":58}},"106":{"start":{"line":107,"column":0},"end":{"line":107,"column":45}},"107":{"start":{"line":108,"column":0},"end":{"line":108,"column":14}},"108":{"start":{"line":109,"column":0},"end":{"line":109,"column":14}},"109":{"start":{"line":110,"column":0},"end":{"line":110,"column":53}},"110":{"start":{"line":111,"column":0},"end":{"line":111,"column":5}},"111":{"start":{"line":112,"column":0},"end":{"line":112,"column":3}},"112":{"start":{"line":113,"column":0},"end":{"line":113,"column":1}}},"s":{"0":1,"1":1,"2":1,"3":1,"4":1,"5":1,"6":1,"7":1,"8":1,"9":1,"10":1,"11":1,"12":1,"13":1,"14":1,"15":1,"16":1,"17":1,"18":1,"19":1,"20":1,"21":1,"22":1,"23":1,"24":1,"25":1,"26":1,"27":1,"28":1,"29":0,"30":0,"31":0,"32":0,"33":0,"34":0,"35":1,"36":0,"37":1,"38":1,"39":1,"40":1,"41":6,"42":6,"43":6,"44":6,"45":6,"46":1,"47":1,"48":3,"49":3,"50":3,"51":3,"52":3,"53":3,"54":3,"55":3,"56":3,"57":3,"58":1,"59":1,"60":2,"61":2,"62":1,"63":1,"64":1,"65":1,"66":1,"67":2,"68":1,"69":1,"70":2,"71":2,"72":1,"73":1,"74":1,"75":1,"76":1,"77":1,"78":2,"79":1,"80":1,"81":2,"82":2,"83":1,"84":1,"85":1,"86":1,"87":1,"88":1,"89":2,"90":1,"91":1,"92":4,"93":4,"94":1,"95":1,"96":1,"97":1,"98":4,"99":1,"100":1,"101":1,"102":1,"103":4,"104":1,"105":1,"106":1,"107":1,"108":4,"109":1,"110":4,"111":4,"112":1},"branchMap":{"0":{"type":"branch","line":3,"loc":{"start":{"line":3,"column":0},"end":{"line":7,"column":1}},"locations":[{"start":{"line":3,"column":0},"end":{"line":7,"column":1}}]},"1":{"type":"branch","line":23,"loc":{"start":{"line":23,"column":2},"end":{"line":24,"column":3}},"locations":[{"start":{"line":23,"column":2},"end":{"line":24,"column":3}}]},"2":{"type":"branch","line":20,"loc":{"start":{"line":20,"column":65},"end":{"line":20,"column":79}},"locations":[{"start":{"line":20,"column":65},"end":{"line":20,"column":79}}]},"3":{"type":"branch","line":26,"loc":{"start":{"line":26,"column":8},"end":{"line":39,"column":3}},"locations":[{"start":{"line":26,"column":8},"end":{"line":39,"column":3}}]},"4":{"type":"branch","line":28,"loc":{"start":{"line":28,"column":12},"end":{"line":36,"column":7}},"locations":[{"start":{"line":28,"column":12},"end":{"line":36,"column":7}}]},"5":{"type":"branch","line":29,"loc":{"start":{"line":29,"column":26},"end":{"line":35,"column":9}},"locations":[{"start":{"line":29,"column":26},"end":{"line":35,"column":9}}]},"6":{"type":"branch","line":41,"loc":{"start":{"line":41,"column":8},"end":{"line":46,"column":3}},"locations":[{"start":{"line":41,"column":8},"end":{"line":46,"column":3}}]},"7":{"type":"branch","line":43,"loc":{"start":{"line":43,"column":12},"end":{"line":45,"column":7}},"locations":[{"start":{"line":43,"column":12},"end":{"line":45,"column":7}}]},"8":{"type":"branch","line":48,"loc":{"start":{"line":48,"column":8},"end":{"line":58,"column":3}},"locations":[{"start":{"line":48,"column":8},"end":{"line":58,"column":3}}]},"9":{"type":"branch","line":60,"loc":{"start":{"line":60,"column":8},"end":{"line":68,"column":3}},"locations":[{"start":{"line":60,"column":8},"end":{"line":68,"column":3}}]},"10":{"type":"branch","line":62,"loc":{"start":{"line":62,"column":24},"end":{"line":67,"column":5}},"locations":[{"start":{"line":62,"column":24},"end":{"line":67,"column":5}}]},"11":{"type":"branch","line":61,"loc":{"start":{"line":61,"column":43},"end":{"line":61,"column":65}},"locations":[{"start":{"line":61,"column":43},"end":{"line":61,"column":65}}]},"12":{"type":"branch","line":70,"loc":{"start":{"line":70,"column":8},"end":{"line":79,"column":3}},"locations":[{"start":{"line":70,"column":8},"end":{"line":79,"column":3}}]},"13":{"type":"branch","line":72,"loc":{"start":{"line":72,"column":24},"end":{"line":78,"column":5}},"locations":[{"start":{"line":72,"column":24},"end":{"line":78,"column":5}}]},"14":{"type":"branch","line":71,"loc":{"start":{"line":71,"column":43},"end":{"line":71,"column":65}},"locations":[{"start":{"line":71,"column":43},"end":{"line":71,"column":65}}]},"15":{"type":"branch","line":81,"loc":{"start":{"line":81,"column":8},"end":{"line":90,"column":3}},"locations":[{"start":{"line":81,"column":8},"end":{"line":90,"column":3}}]},"16":{"type":"branch","line":83,"loc":{"start":{"line":83,"column":24},"end":{"line":89,"column":5}},"locations":[{"start":{"line":83,"column":24},"end":{"line":89,"column":5}}]},"17":{"type":"branch","line":82,"loc":{"start":{"line":82,"column":43},"end":{"line":82,"column":65}},"locations":[{"start":{"line":82,"column":43},"end":{"line":82,"column":65}}]},"18":{"type":"branch","line":92,"loc":{"start":{"line":92,"column":8},"end":{"line":112,"column":3}},"locations":[{"start":{"line":92,"column":8},"end":{"line":112,"column":3}}]},"19":{"type":"branch","line":94,"loc":{"start":{"line":94,"column":6},"end":{"line":98,"column":14}},"locations":[{"start":{"line":94,"column":6},"end":{"line":98,"column":14}}]},"20":{"type":"branch","line":99,"loc":{"start":{"line":99,"column":6},"end":{"line":103,"column":14}},"locations":[{"start":{"line":99,"column":6},"end":{"line":103,"column":14}}]},"21":{"type":"branch","line":104,"loc":{"start":{"line":104,"column":6},"end":{"line":108,"column":14}},"locations":[{"start":{"line":104,"column":6},"end":{"line":108,"column":14}}]},"22":{"type":"branch","line":109,"loc":{"start":{"line":109,"column":6},"end":{"line":110,"column":53}},"locations":[{"start":{"line":109,"column":6},"end":{"line":110,"column":53}}]},"23":{"type":"branch","line":96,"loc":{"start":{"line":96,"column":18},"end":{"line":96,"column":57}},"locations":[{"start":{"line":96,"column":18},"end":{"line":96,"column":57}}]},"24":{"type":"branch","line":97,"loc":{"start":{"line":97,"column":19},"end":{"line":97,"column":44}},"locations":[{"start":{"line":97,"column":19},"end":{"line":97,"column":44}}]},"25":{"type":"branch","line":101,"loc":{"start":{"line":101,"column":18},"end":{"line":101,"column":64}},"locations":[{"start":{"line":101,"column":18},"end":{"line":101,"column":64}}]},"26":{"type":"branch","line":102,"loc":{"start":{"line":102,"column":19},"end":{"line":102,"column":44}},"locations":[{"start":{"line":102,"column":19},"end":{"line":102,"column":44}}]},"27":{"type":"branch","line":106,"loc":{"start":{"line":106,"column":18},"end":{"line":106,"column":57}},"locations":[{"start":{"line":106,"column":18},"end":{"line":106,"column":57}}]},"28":{"type":"branch","line":110,"loc":{"start":{"line":110,"column":27},"end":{"line":110,"column":52}},"locations":[{"start":{"line":110,"column":27},"end":{"line":110,"column":52}}]}},"b":{"0":[1],"1":[1],"2":[0],"3":[1],"4":[1],"5":[0],"6":[6],"7":[6],"8":[3],"9":[2],"10":[1],"11":[3],"12":[2],"13":[1],"14":[3],"15":[2],"16":[1],"17":[4],"18":[4],"19":[1],"20":[1],"21":[1],"22":[1],"23":[2],"24":[1],"25":[2],"26":[1],"27":[2],"28":[2]},"fnMap":{"0":{"name":"TaskStorage","decl":{"start":{"line":23,"column":2},"end":{"line":24,"column":3}},"loc":{"start":{"line":23,"column":2},"end":{"line":24,"column":3}},"line":23},"1":{"name":"setupTasks","decl":{"start":{"line":26,"column":8},"end":{"line":39,"column":3}},"loc":{"start":{"line":26,"column":8},"end":{"line":39,"column":3}},"line":26},"2":{"name":"saveRecords","decl":{"start":{"line":41,"column":8},"end":{"line":46,"column":3}},"loc":{"start":{"line":41,"column":8},"end":{"line":46,"column":3}},"line":41},"3":{"name":"addTask","decl":{"start":{"line":48,"column":8},"end":{"line":58,"column":3}},"loc":{"start":{"line":48,"column":8},"end":{"line":58,"column":3}},"line":48},"4":{"name":"deleteTask","decl":{"start":{"line":60,"column":8},"end":{"line":68,"column":3}},"loc":{"start":{"line":60,"column":8},"end":{"line":68,"column":3}},"line":60},"5":{"name":"updateTask","decl":{"start":{"line":70,"column":8},"end":{"line":79,"column":3}},"loc":{"start":{"line":70,"column":8},"end":{"line":79,"column":3}},"line":70},"6":{"name":"changeStatus","decl":{"start":{"line":81,"column":8},"end":{"line":90,"column":3}},"loc":{"start":{"line":81,"column":8},"end":{"line":90,"column":3}},"line":81},"7":{"name":"listTasks","decl":{"start":{"line":92,"column":8},"end":{"line":112,"column":3}},"loc":{"start":{"line":92,"column":8},"end":{"line":112,"column":3}},"line":92}},"f":{"0":1,"1":1,"2":6,"3":3,"4":2,"5":2,"6":2,"7":4}}
}
