TN:
SF:src/storage.ts
FN:23,TaskStorage
FN:26,setupTasks
FN:41,saveRecords
FN:48,addTask
FN:60,deleteTask
FN:70,updateTask
FN:81,changeStatus
FN:92,listTasks
FNF:8
FNH:8
FNDA:1,TaskStorage
FNDA:1,setupTasks
FNDA:6,saveRecords
FNDA:3,addTask
FNDA:2,deleteTask
FNDA:2,updateTask
FNDA:2,changeStatus
FNDA:4,listTasks
DA:1,1
DA:2,1
DA:3,1
DA:4,1
DA:5,1
DA:6,1
DA:7,1
DA:8,1
DA:9,1
DA:10,1
DA:11,1
DA:12,1
DA:13,1
DA:14,1
DA:15,1
DA:16,1
DA:17,1
DA:18,1
DA:19,1
DA:20,1
DA:21,1
DA:22,1
DA:23,1
DA:24,1
DA:25,1
DA:26,1
DA:27,1
DA:28,1
DA:29,1
DA:30,0
DA:31,0
DA:32,0
DA:33,0
DA:34,0
DA:35,0
DA:36,1
DA:37,0
DA:38,1
DA:39,1
DA:40,1
DA:41,1
DA:42,6
DA:43,6
DA:44,6
DA:45,6
DA:46,6
DA:47,1
DA:48,1
DA:49,3
DA:50,3
DA:51,3
DA:52,3
DA:53,3
DA:54,3
DA:55,3
DA:56,3
DA:57,3
DA:58,3
DA:59,1
DA:60,1
DA:61,2
DA:62,2
DA:63,1
DA:64,1
DA:65,1
DA:66,1
DA:67,1
DA:68,2
DA:69,1
DA:70,1
DA:71,2
DA:72,2
DA:73,1
DA:74,1
DA:75,1
DA:76,1
DA:77,1
DA:78,1
DA:79,2
DA:80,1
DA:81,1
DA:82,2
DA:83,2
DA:84,1
DA:85,1
DA:86,1
DA:87,1
DA:88,1
DA:89,1
DA:90,2
DA:91,1
DA:92,1
DA:93,4
DA:94,4
DA:95,1
DA:96,1
DA:97,1
DA:98,1
DA:99,4
DA:100,1
DA:101,1
DA:102,1
DA:103,1
DA:104,4
DA:105,1
DA:106,1
DA:107,1
DA:108,1
DA:109,4
DA:110,1
DA:111,4
DA:112,4
DA:113,1
LF:113
LH:106
BRDA:3,0,0,1
BRDA:23,1,0,1
BRDA:20,2,0,0
BRDA:26,3,0,1
BRDA:28,4,0,1
BRDA:29,5,0,0
BRDA:41,6,0,6
BRDA:43,7,0,6
BRDA:48,8,0,3
BRDA:60,9,0,2
BRDA:62,10,0,1
BRDA:61,11,0,3
BRDA:70,12,0,2
BRDA:72,13,0,1
BRDA:71,14,0,3
BRDA:81,15,0,2
BRDA:83,16,0,1
BRDA:82,17,0,4
BRDA:92,18,0,4
BRDA:94,19,0,1
BRDA:99,20,0,1
BRDA:104,21,0,1
BRDA:109,22,0,1
BRDA:96,23,0,2
BRDA:97,24,0,1
BRDA:101,25,0,2
BRDA:102,26,0,1
BRDA:106,27,0,2
BRDA:110,28,0,2
BRF:29
BRH:27
end_of_record
